<?xml version="1.0" encoding="UTF-8"?>
<!-- Generated by org.testng.reporters.JUnitXMLReporter -->
<testsuite ignored="0" hostname="DESKTOP-7BL2749" failures="0" tests="3" name="Default test" time="0.048" errors="0" timestamp="2025-04-19T20:21:25 IST">
  <testcase classname="testingbaba_test.WebTable_test" name="@BeforeTest getLaunchedUrl_testingbaba" time="-1.745074285313E9">
    <failure type="org.testng.TestNGException" message="
Parameter &amp;apos;env&amp;apos; is required by BeforeTest on method getLaunchedUrl_testingbaba but has not been marked @Optional or defined
in C:\Users\PC\AppData\Local\Temp\testng-eclipse-1512757983\testng-customsuite.xml">
      <![CDATA[org.testng.TestNGException: 
Parameter 'env' is required by BeforeTest on method getLaunchedUrl_testingbaba but has not been marked @Optional or defined
in C:\Users\PC\AppData\Local\Temp\testng-eclipse-1512757983\testng-customsuite.xml
at org.testng.internal.Parameters.createParams(Parameters.java:264)
at org.testng.internal.Parameters.createParametersForMethod(Parameters.java:352)
at org.testng.internal.Parameters.createParameters(Parameters.java:690)
at org.testng.internal.Parameters.createConfigurationParameters(Parameters.java:163)
at org.testng.internal.invokers.ConfigInvoker.invokeConfigurations(ConfigInvoker.java:313)
at org.testng.TestRunner.invokeTestConfigurations(TestRunner.java:657)
at org.testng.TestRunner.beforeRun(TestRunner.java:646)
at org.testng.TestRunner.run(TestRunner.java:612)
at org.testng.SuiteRunner.runTest(SuiteRunner.java:421)
at org.testng.SuiteRunner.runSequentially(SuiteRunner.java:413)
at org.testng.SuiteRunner.privateRun(SuiteRunner.java:373)
at org.testng.SuiteRunner.run(SuiteRunner.java:312)
at org.testng.SuiteRunnerWorker.runSuite(SuiteRunnerWorker.java:52)
at org.testng.SuiteRunnerWorker.run(SuiteRunnerWorker.java:95)
at org.testng.TestNG.runSuitesSequentially(TestNG.java:1274)
at org.testng.TestNG.runSuitesLocally(TestNG.java:1208)
at org.testng.TestNG.runSuites(TestNG.java:1112)
at org.testng.TestNG.run(TestNG.java:1079)
at org.testng.remote.AbstractRemoteTestNG.run(AbstractRemoteTestNG.java:115)
at org.testng.remote.RemoteTestNG.initAndRun(RemoteTestNG.java:293)
at org.testng.remote.RemoteTestNG.main(RemoteTestNG.java:91)
]]>
    </failure>
  </testcase> <!-- @BeforeTest getLaunchedUrl_testingbaba -->
  <testcase classname="testingbaba_test.WebTable_test" name="clickclosebtn" time="0.0">
    <skipped/>
  </testcase> <!-- clickclosebtn -->
  <testcase classname="testingbaba_test.WebTable_test" name="praticebtn" time="0.0">
    <skipped/>
  </testcase> <!-- praticebtn -->
  <testcase classname="testingbaba_test.WebTable_test" name="clickontextbox_elements" time="0.0">
    <skipped/>
  </testcase> <!-- clickontextbox_elements -->
</testsuite> <!-- Default test -->
